<?xml version="1.0" encoding="UTF-8"?>
<!-- Generated by org.testng.reporters.JUnitXMLReporter -->
<testsuite ignored="2" hostname="JeenaPaul" failures="0" tests="1" name="Test" time="59.293" errors="0" timestamp="2025-12-03T11:05:52 IST">
  <testcase classname="testscript.AdminUserTest" name="verifyWhetherTheAdminAbleToAddNewUser" time="10.901"/>
  <testcase classname="testscript.AdminUserTest" name="verifyWhetherTheAdminAbleToreset" time="0.0">
    <ignored/>
  </testcase> <!-- verifyWhetherTheAdminAbleToreset -->
  <testcase classname="testscript.AdminUserTest" name="verifyWhetherTheUserAbleToSearchTheNewlyAddedUser" time="0.0">
    <ignored/>
  </testcase> <!-- verifyWhetherTheUserAbleToSearchTheNewlyAddedUser -->
</testsuite> <!-- Test -->
