<?xml version="1.0" encoding="UTF-8"?>
<testng-results ignored="0" total="1" passed="1" failed="0" skipped="0">
  <reporter-output>
  </reporter-output>
  <suite started-at="2025-12-03T11:04:52 IST" name="Suite" finished-at="2025-12-03T11:05:52 IST" duration-ms="59293">
    <groups>
    </groups>
    <test started-at="2025-12-03T11:04:52 IST" name="Test" finished-at="2025-12-03T11:05:52 IST" duration-ms="59293">
      <class name="testscript.AdminUserTest">
        <test-method is-config="true" signature="browserInitialisation(java.lang.String)[pri:0, instance:testscript.AdminUserTest@5d908d47]" started-at="2025-12-03T11:04:52 IST" name="browserInitialisation" finished-at="2025-12-03T11:05:41 IST" duration-ms="48308" status="PASS">
          <params>
            <param index="0">
              <value>
                <![CDATA[Chrome]]>
              </value>
            </param>
          </params>
          <reporter-output>
          </reporter-output>
        </test-method> <!-- browserInitialisation -->
        <test-method signature="verifyWhetherTheAdminAbleToAddNewUser()[pri:0, instance:testscript.AdminUserTest@5d908d47]" started-at="2025-12-03T11:05:41 IST" name="verifyWhetherTheAdminAbleToAddNewUser" description="User is trying to create a  new user" finished-at="2025-12-03T11:05:51 IST" duration-ms="10901" status="PASS">
          <reporter-output>
          </reporter-output>
        </test-method> <!-- verifyWhetherTheAdminAbleToAddNewUser -->
        <test-method is-config="true" signature="closeBrowser()[pri:0, instance:testscript.AdminUserTest@5d908d47]" started-at="2025-12-03T11:05:52 IST" name="closeBrowser" finished-at="2025-12-03T11:05:52 IST" duration-ms="2" status="PASS">
          <reporter-output>
          </reporter-output>
        </test-method> <!-- closeBrowser -->
      </class> <!-- testscript.AdminUserTest -->
    </test> <!-- Test -->
  </suite> <!-- Suite -->
</testng-results>
