<?xml version="1.0" encoding="UTF-8"?>
<!-- Generated by org.testng.reporters.JUnitXMLReporter -->
<testsuite ignored="3" hostname="JeenaPaul" failures="0" tests="1" name="ChromeTest" time="10.157" errors="0" timestamp="2025-11-27T11:35:05 IST">
  <testcase classname="testscript.LoginTest" name="verifyLoginWithValidCredentials" time="2.8"/>
  <testcase classname="testscript.LoginTest" name="verifyLoginWithInvalidCredentials" time="0.0">
    <ignored/>
  </testcase> <!-- verifyLoginWithInvalidCredentials -->
  <testcase classname="testscript.LoginTest" name="verifyLoginWithInvalidUsername" time="0.0">
    <ignored/>
  </testcase> <!-- verifyLoginWithInvalidUsername -->
  <testcase classname="testscript.LoginTest" name="verifyLoginWithInvalidpassword" time="0.0">
    <ignored/>
  </testcase> <!-- verifyLoginWithInvalidpassword -->
</testsuite> <!-- ChromeTest -->
