<?xml version="1.0" encoding="UTF-8"?>
<!-- Generated by org.testng.reporters.JUnitXMLReporter -->
<testsuite ignored="2" hostname="JeenaPaul" failures="0" tests="2" name="Test" time="22.706" errors="0" timestamp="2025-11-26T11:44:34 IST">
  <testcase classname="testscript.LoginTest" name="verifyLoginWithValidCredentials" time="4.718"/>
  <testcase classname="testscript.LoginTest" name="verifyLoginWithInvalidCredentials" time="1.019"/>
  <testcase classname="testscript.LoginTest" name="verifyLoginWithInvalidUsername" time="0.0">
    <ignored/>
  </testcase> <!-- verifyLoginWithInvalidUsername -->
  <testcase classname="testscript.LoginTest" name="verifyLoginWithInvalidpassword" time="0.0">
    <ignored/>
  </testcase> <!-- verifyLoginWithInvalidpassword -->
</testsuite> <!-- Test -->
