<?xml version="1.0" encoding="UTF-8"?>
<!-- Generated by org.testng.reporters.JUnitXMLReporter -->
<testsuite ignored="0" hostname="JeenaPaul" failures="0" tests="4" name="Test1" time="44.147" errors="0" timestamp="2025-11-27T11:51:39 IST">
  <testcase classname="testscript.LoginTest" name="verifyLoginWithValidCredentials" time="3.028"/>
  <testcase classname="testscript.LoginTest" name="verifyLoginWithInvalidCredentials" time="0.743"/>
  <testcase classname="testscript.LoginTest" name="verifyLoginWithInvalidpassword" time="0.767"/>
  <testcase classname="testscript.LoginTest" name="verifyLoginWithInvalidUsername" time="1.652"/>
</testsuite> <!-- Test1 -->
